<?xml version="1.0" encoding="UTF-8"?>
<testsuite errors="0" failures="0" hostname="RD7878.local" name="features.RunCukesTest" tests="0" time="0.316" timestamp="2012-08-02T21:35:12">
  <properties />
  <system-out><![CDATA[

You can implement missing steps with the snippets below:

@Given("^I have a baby$")
public void I_have_a_baby() throws Throwable {
    // Express the Regexp above with the code you wish you had
    throw new PendingException();
}

@When("^I make a baby 'happy'$")
public void I_make_a_baby_happy() throws Throwable {
    // Express the Regexp above with the code you wish you had
    throw new PendingException();
}

@Then("^the baby should 'smile'$")
public void the_baby_should_smile() throws Throwable {
    // Express the Regexp above with the code you wish you had
    throw new PendingException();
}

]]></system-out>
  <system-err><![CDATA[]]></system-err>
</testsuite>
